<?xml version="1.0" encoding="UTF-8"?>
<coverage generated="1776678168582" clover="3.2.0">
  <project timestamp="1776678168582" name="All files">
    <metrics statements="32" coveredstatements="27" conditionals="16" coveredconditionals="11" methods="14" coveredmethods="11" elements="62" coveredelements="49" complexity="0" loc="32" ncloc="32" packages="2" files="3" classes="3"/>
    <package name="components">
      <metrics statements="31" coveredstatements="26" conditionals="16" coveredconditionals="11" methods="14" coveredmethods="11"/>
      <file name="Gallery.tsx" path="/Users/narowe/Documents/web-projects/ita-frontend/it-sprint4-images-gallery/image-gallery/src/components/Gallery.tsx">
        <metrics statements="25" coveredstatements="20" conditionals="12" coveredconditionals="7" methods="11" coveredmethods="8"/>
        <line num="9" count="14" type="stmt"/>
        <line num="11" count="14" type="stmt"/>
        <line num="13" count="14" type="stmt"/>
        <line num="14" count="2" type="cond" truecount="2" falsecount="0"/>
        <line num="15" count="7" type="stmt"/>
        <line num="19" count="14" type="stmt"/>
        <line num="20" count="0" type="stmt"/>
        <line num="21" count="0" type="cond" truecount="0" falsecount="4"/>
        <line num="22" count="0" type="stmt"/>
        <line num="23" count="0" type="stmt"/>
        <line num="24" count="0" type="stmt"/>
        <line num="28" count="14" type="stmt"/>
        <line num="29" count="6" type="stmt"/>
        <line num="30" count="6" type="cond" truecount="2" falsecount="0"/>
        <line num="31" count="1" type="stmt"/>
        <line num="33" count="5" type="stmt"/>
        <line num="35" count="6" type="stmt"/>
        <line num="38" count="14" type="stmt"/>
        <line num="39" count="1" type="cond" truecount="1" falsecount="1"/>
        <line num="40" count="7" type="stmt"/>
        <line num="41" count="1" type="stmt"/>
        <line num="45" count="14" type="stmt"/>
        <line num="54" count="14" type="stmt"/>
        <line num="56" count="95" type="stmt"/>
        <line num="59" count="95" type="stmt"/>
      </file>
      <file name="ImageItem.tsx" path="/Users/narowe/Documents/web-projects/ita-frontend/it-sprint4-images-gallery/image-gallery/src/components/ImageItem.tsx">
        <metrics statements="6" coveredstatements="6" conditionals="4" coveredconditionals="4" methods="3" coveredmethods="3"/>
        <line num="15" count="100" type="stmt"/>
        <line num="17" count="100" type="stmt"/>
        <line num="22" count="100" type="stmt"/>
        <line num="31" count="7" type="stmt"/>
        <line num="37" count="3" type="stmt"/>
        <line num="38" count="3" type="stmt"/>
      </file>
    </package>
    <package name="data">
      <metrics statements="1" coveredstatements="1" conditionals="0" coveredconditionals="0" methods="0" coveredmethods="0"/>
      <file name="images.ts" path="/Users/narowe/Documents/web-projects/ita-frontend/it-sprint4-images-gallery/image-gallery/src/data/images.ts">
        <metrics statements="1" coveredstatements="1" conditionals="0" coveredconditionals="0" methods="0" coveredmethods="0"/>
        <line num="3" count="1" type="stmt"/>
      </file>
    </package>
  </project>
</coverage>
