{"/Users/narowe/Documents/web-projects/ita-frontend/it-sprint4-images-gallery/image-gallery/src/components/Gallery.tsx": {"path":"/Users/narowe/Documents/web-projects/ita-frontend/it-sprint4-images-gallery/image-gallery/src/components/Gallery.tsx","statementMap":{"0":{"start":{"line":9,"column":19},"end":{"line":9,"column":55}},"1":{"start":{"line":11,"column":24},"end":{"line":11,"column":74}},"2":{"start":{"line":13,"column":10},"end":{"line":15,"column":null}},"3":{"start":{"line":14,"column":8},"end":{"line":15,"column":null}},"4":{"start":{"line":15,"column":12},"end":{"line":15,"column":null}},"5":{"start":{"line":15,"column":45},"end":{"line":15,"column":59}},"6":{"start":{"line":19,"column":10},"end":{"line":24,"column":null}},"7":{"start":{"line":20,"column":33},"end":{"line":20,"column":null}},"8":{"start":{"line":21,"column":8},"end":{"line":24,"column":null}},"9":{"start":{"line":22,"column":29},"end":{"line":22,"column":76}},"10":{"start":{"line":22,"column":55},"end":{"line":22,"column":76}},"11":{"start":{"line":23,"column":29},"end":{"line":23,"column":74}},"12":{"start":{"line":23,"column":55},"end":{"line":23,"column":74}},"13":{"start":{"line":24,"column":12},"end":{"line":24,"column":null}},"14":{"start":{"line":28,"column":10},"end":{"line":35,"column":null}},"15":{"start":{"line":29,"column":23},"end":{"line":29,"column":43}},"16":{"start":{"line":30,"column":8},"end":{"line":33,"column":null}},"17":{"start":{"line":31,"column":12},"end":{"line":31,"column":null}},"18":{"start":{"line":33,"column":12},"end":{"line":33,"column":null}},"19":{"start":{"line":35,"column":8},"end":{"line":35,"column":null}},"20":{"start":{"line":38,"column":10},"end":{"line":41,"column":null}},"21":{"start":{"line":39,"column":8},"end":{"line":41,"column":null}},"22":{"start":{"line":40,"column":12},"end":{"line":40,"column":null}},"23":{"start":{"line":40,"column":45},"end":{"line":40,"column":69}},"24":{"start":{"line":41,"column":12},"end":{"line":41,"column":null}},"25":{"start":{"line":45,"column":10},"end":{"line":51,"column":null}},"26":{"start":{"line":54,"column":4},"end":{"line":78,"column":null}},"27":{"start":{"line":56,"column":56},"end":{"line":56,"column":63}},"28":{"start":{"line":59,"column":24},"end":{"line":66,"column":null}}},"fnMap":{"0":{"name":"Gallery","decl":{"start":{"line":8,"column":9},"end":{"line":8,"column":19}},"loc":{"start":{"line":8,"column":19},"end":{"line":78,"column":null}},"line":8},"1":{"name":"(anonymous_1)","decl":{"start":{"line":13,"column":10},"end":{"line":13,"column":26}},"loc":{"start":{"line":13,"column":41},"end":{"line":15,"column":null}},"line":13},"2":{"name":"(anonymous_2)","decl":{"start":{"line":15,"column":29},"end":{"line":15,"column":37}},"loc":{"start":{"line":15,"column":45},"end":{"line":15,"column":59}},"line":15},"3":{"name":"(anonymous_3)","decl":{"start":{"line":19,"column":10},"end":{"line":19,"column":27}},"loc":{"start":{"line":19,"column":51},"end":{"line":24,"column":null}},"line":19},"4":{"name":"(anonymous_4)","decl":{"start":{"line":22,"column":36},"end":{"line":22,"column":47}},"loc":{"start":{"line":22,"column":55},"end":{"line":22,"column":76}},"line":22},"5":{"name":"(anonymous_5)","decl":{"start":{"line":23,"column":36},"end":{"line":23,"column":47}},"loc":{"start":{"line":23,"column":55},"end":{"line":23,"column":74}},"line":23},"6":{"name":"(anonymous_6)","decl":{"start":{"line":28,"column":10},"end":{"line":28,"column":32}},"loc":{"start":{"line":28,"column":47},"end":{"line":35,"column":null}},"line":28},"7":{"name":"(anonymous_7)","decl":{"start":{"line":38,"column":10},"end":{"line":38,"column":39}},"loc":{"start":{"line":38,"column":39},"end":{"line":41,"column":null}},"line":38},"8":{"name":"(anonymous_8)","decl":{"start":{"line":40,"column":29},"end":{"line":40,"column":37}},"loc":{"start":{"line":40,"column":45},"end":{"line":40,"column":69}},"line":40},"9":{"name":"(anonymous_9)","decl":{"start":{"line":56,"column":43},"end":{"line":56,"column":48}},"loc":{"start":{"line":56,"column":56},"end":{"line":56,"column":63}},"line":56},"10":{"name":"(anonymous_10)","decl":{"start":{"line":58,"column":28},"end":{"line":58,"column":33}},"loc":{"start":{"line":59,"column":24},"end":{"line":66,"column":null}},"line":59}},"branchMap":{"0":{"loc":{"start":{"line":14,"column":8},"end":{"line":15,"column":null}},"type":"if","locations":[{"start":{"line":14,"column":8},"end":{"line":15,"column":null}},{"start":{},"end":{}}],"line":14},"1":{"loc":{"start":{"line":21,"column":8},"end":{"line":24,"column":null}},"type":"if","locations":[{"start":{"line":21,"column":8},"end":{"line":24,"column":null}},{"start":{},"end":{}}],"line":21},"2":{"loc":{"start":{"line":21,"column":12},"end":{"line":21,"column":43}},"type":"binary-expr","locations":[{"start":{"line":21,"column":12},"end":{"line":21,"column":20}},{"start":{"line":21,"column":20},"end":{"line":21,"column":43}}],"line":21},"3":{"loc":{"start":{"line":30,"column":8},"end":{"line":33,"column":null}},"type":"if","locations":[{"start":{"line":30,"column":8},"end":{"line":33,"column":null}},{"start":{"line":32,"column":15},"end":{"line":33,"column":null}}],"line":30},"4":{"loc":{"start":{"line":39,"column":8},"end":{"line":41,"column":null}},"type":"if","locations":[{"start":{"line":39,"column":8},"end":{"line":41,"column":null}},{"start":{},"end":{}}],"line":39},"5":{"loc":{"start":{"line":69,"column":17},"end":{"line":74,"column":null}},"type":"binary-expr","locations":[{"start":{"line":69,"column":17},"end":{"line":69,"column":null}},{"start":{"line":70,"column":20},"end":{"line":74,"column":null}}],"line":69}},"s":{"0":14,"1":14,"2":14,"3":2,"4":1,"5":7,"6":14,"7":0,"8":0,"9":0,"10":0,"11":0,"12":0,"13":0,"14":14,"15":6,"16":6,"17":1,"18":5,"19":6,"20":14,"21":1,"22":1,"23":7,"24":1,"25":14,"26":14,"27":95,"28":95},"f":{"0":14,"1":2,"2":7,"3":0,"4":0,"5":0,"6":6,"7":1,"8":7,"9":95,"10":95},"b":{"0":[1,1],"1":[0,0],"2":[0,0],"3":[1,5],"4":[1,0],"5":[14,5]},"meta":{"lastBranch":6,"lastFunction":11,"lastStatement":29,"seen":{"f:8:9:8:19":0,"s:9:19:9:55":0,"s:11:24:11:74":1,"s:13:10:15:Infinity":2,"f:13:10:13:26":1,"b:14:8:15:Infinity:undefined:undefined:undefined:undefined":0,"s:14:8:15:Infinity":3,"s:15:12:15:Infinity":4,"f:15:29:15:37":2,"s:15:45:15:59":5,"s:19:10:24:Infinity":6,"f:19:10:19:27":3,"s:20:33:20:Infinity":7,"b:21:8:24:Infinity:undefined:undefined:undefined:undefined":1,"s:21:8:24:Infinity":8,"b:21:12:21:20:21:20:21:43":2,"s:22:29:22:76":9,"f:22:36:22:47":4,"s:22:55:22:76":10,"s:23:29:23:74":11,"f:23:36:23:47":5,"s:23:55:23:74":12,"s:24:12:24:Infinity":13,"s:28:10:35:Infinity":14,"f:28:10:28:32":6,"s:29:23:29:43":15,"b:30:8:33:Infinity:32:15:33:Infinity":3,"s:30:8:33:Infinity":16,"s:31:12:31:Infinity":17,"s:33:12:33:Infinity":18,"s:35:8:35:Infinity":19,"s:38:10:41:Infinity":20,"f:38:10:38:39":7,"b:39:8:41:Infinity:undefined:undefined:undefined:undefined":4,"s:39:8:41:Infinity":21,"s:40:12:40:Infinity":22,"f:40:29:40:37":8,"s:40:45:40:69":23,"s:41:12:41:Infinity":24,"s:45:10:51:Infinity":25,"s:54:4:78:Infinity":26,"f:56:43:56:48":9,"s:56:56:56:63":27,"f:58:28:58:33":10,"s:59:24:66:Infinity":28,"b:69:17:69:Infinity:70:20:74:Infinity":5}}}
,"/Users/narowe/Documents/web-projects/ita-frontend/it-sprint4-images-gallery/image-gallery/src/components/ImageItem.tsx": {"path":"/Users/narowe/Documents/web-projects/ita-frontend/it-sprint4-images-gallery/image-gallery/src/components/ImageItem.tsx","statementMap":{"0":{"start":{"line":15,"column":58},"end":{"line":15,"column":102}},"1":{"start":{"line":17,"column":18},"end":{"line":20,"column":null}},"2":{"start":{"line":22,"column":4},"end":{"line":41,"column":null}},"3":{"start":{"line":31,"column":31},"end":{"line":31,"column":null}},"4":{"start":{"line":37,"column":20},"end":{"line":37,"column":null}},"5":{"start":{"line":38,"column":20},"end":{"line":38,"column":null}}},"fnMap":{"0":{"name":"ImageItem","decl":{"start":{"line":14,"column":9},"end":{"line":14,"column":19}},"loc":{"start":{"line":14,"column":96},"end":{"line":41,"column":null}},"line":14},"1":{"name":"(anonymous_1)","decl":{"start":{"line":31,"column":16},"end":{"line":31,"column":31}},"loc":{"start":{"line":31,"column":31},"end":{"line":31,"column":null}},"line":31},"2":{"name":"(anonymous_2)","decl":{"start":{"line":36,"column":16},"end":{"line":36,"column":26}},"loc":{"start":{"line":36,"column":32},"end":{"line":38,"column":null}},"line":36}},"branchMap":{"0":{"loc":{"start":{"line":23,"column":50},"end":{"line":23,"column":null}},"type":"cond-expr","locations":[{"start":{"line":23,"column":63},"end":{"line":23,"column":95}},{"start":{"line":23,"column":95},"end":{"line":23,"column":null}}],"line":23},"1":{"loc":{"start":{"line":24,"column":26},"end":{"line":24,"column":null}},"type":"cond-expr","locations":[{"start":{"line":24,"column":39},"end":{"line":24,"column":64}},{"start":{"line":24,"column":64},"end":{"line":24,"column":null}}],"line":24}},"s":{"0":100,"1":100,"2":100,"3":7,"4":3,"5":3},"f":{"0":100,"1":7,"2":3},"b":{"0":[15,85],"1":[8,92]},"meta":{"lastBranch":2,"lastFunction":3,"lastStatement":6,"seen":{"f:14:9:14:19":0,"s:15:58:15:102":0,"s:17:18:20:Infinity":1,"s:22:4:41:Infinity":2,"b:23:63:23:95:23:95:23:Infinity":0,"b:24:39:24:64:24:64:24:Infinity":1,"f:31:16:31:31":1,"s:31:31:31:Infinity":3,"f:36:16:36:26":2,"s:37:20:37:Infinity":4,"s:38:20:38:Infinity":5}}}
,"/Users/narowe/Documents/web-projects/ita-frontend/it-sprint4-images-gallery/image-gallery/src/data/images.ts": {"path":"/Users/narowe/Documents/web-projects/ita-frontend/it-sprint4-images-gallery/image-gallery/src/data/images.ts","statementMap":{"0":{"start":{"line":3,"column":38},"end":{"line":10,"column":null}}},"fnMap":{},"branchMap":{},"s":{"0":1},"f":{},"b":{},"meta":{"lastBranch":0,"lastFunction":0,"lastStatement":1,"seen":{"s:3:38:10:Infinity":0}}}
}
